2020-12-09 14:08:41.663 [background-preinit] INFO  org.hibernate.validator.internal.util.Version:21 - HV000001: Hibernate Validator 6.1.6.Final
2020-12-09 14:08:42.586 [main] INFO  org.jeecg.JeecgSystemApplication:55 - Starting JeecgSystemApplication v2.4.0 on DESKTOP-22I6H24 with PID 23400 (D:\java\gshj\idea-workspace\cku-sal707-2.4\jeecg-boot\jeecg-boot-module-system\target\jeecg-boot-module-system-2.4.0.jar started by hasee in D:\java\gshj\idea-workspace\cku-sal707-2.4\jeecg-boot\jeecg-boot-module-system\target)
2020-12-09 14:08:42.589 [main] INFO  org.jeecg.JeecgSystemApplication:655 - The following profiles are active: dev
2020-12-09 14:08:58.991 [main] ERROR org.springframework.boot.SpringApplication:837 - Application run failed
java.lang.IllegalArgumentException: Could not find class [org.springframework.boot.autoconfigure.security.SecurityAutoConfiguration]
	at org.springframework.util.ClassUtils.resolveClassName(ClassUtils.java:334)
	at org.springframework.core.annotation.TypeMappedAnnotation.adapt(TypeMappedAnnotation.java:446)
	at org.springframework.core.annotation.TypeMappedAnnotation.getValue(TypeMappedAnnotation.java:369)
	at org.springframework.core.annotation.TypeMappedAnnotation.asMap(TypeMappedAnnotation.java:284)
	at org.springframework.core.annotation.AbstractMergedAnnotation.asAnnotationAttributes(AbstractMergedAnnotation.java:193)
	at org.springframework.core.type.AnnotatedTypeMetadata.getAnnotationAttributes(AnnotatedTypeMetadata.java:106)
	at org.springframework.context.annotation.AnnotationConfigUtils.attributesFor(AnnotationConfigUtils.java:285)
	at org.springframework.context.annotation.AnnotationBeanNameGenerator.determineBeanNameFromAnnotation(AnnotationBeanNameGenerator.java:102)
	at org.springframework.context.annotation.AnnotationBeanNameGenerator.generateBeanName(AnnotationBeanNameGenerator.java:81)
	at org.springframework.context.annotation.ConfigurationClassBeanDefinitionReader.registerBeanDefinitionForImportedConfigurationClass(ConfigurationClassBeanDefinitionReader.java:160)
	at org.springframework.context.annotation.ConfigurationClassBeanDefinitionReader.loadBeanDefinitionsForConfigurationClass(ConfigurationClassBeanDefinitionReader.java:141)
	at org.springframework.context.annotation.ConfigurationClassBeanDefinitionReader.loadBeanDefinitions(ConfigurationClassBeanDefinitionReader.java:120)
	at org.springframework.context.annotation.ConfigurationClassPostProcessor.processConfigBeanDefinitions(ConfigurationClassPostProcessor.java:331)
	at org.springframework.context.annotation.ConfigurationClassPostProcessor.postProcessBeanDefinitionRegistry(ConfigurationClassPostProcessor.java:236)
	at org.springframework.context.support.PostProcessorRegistrationDelegate.invokeBeanDefinitionRegistryPostProcessors(PostProcessorRegistrationDelegate.java:280)
	at org.springframework.context.support.PostProcessorRegistrationDelegate.invokeBeanFactoryPostProcessors(PostProcessorRegistrationDelegate.java:96)
	at org.springframework.context.support.AbstractApplicationContext.invokeBeanFactoryPostProcessors(AbstractApplicationContext.java:707)
	at org.springframework.context.support.AbstractApplicationContext.refresh(AbstractApplicationContext.java:533)
	at org.springframework.boot.web.servlet.context.ServletWebServerApplicationContext.refresh(ServletWebServerApplicationContext.java:143)
	at org.springframework.boot.SpringApplication.refresh(SpringApplication.java:758)
	at org.springframework.boot.SpringApplication.refresh(SpringApplication.java:750)
	at org.springframework.boot.SpringApplication.refreshContext(SpringApplication.java:405)
	at org.springframework.boot.SpringApplication.run(SpringApplication.java:315)
	at org.springframework.boot.SpringApplication.run(SpringApplication.java:1237)
	at org.springframework.boot.SpringApplication.run(SpringApplication.java:1226)
	at org.jeecg.JeecgSystemApplication.main(JeecgSystemApplication.java:33)
	at sun.reflect.NativeMethodAccessorImpl.invoke0(Native Method)
	at sun.reflect.NativeMethodAccessorImpl.invoke(Unknown Source)
	at sun.reflect.DelegatingMethodAccessorImpl.invoke(Unknown Source)
	at java.lang.reflect.Method.invoke(Unknown Source)
	at org.springframework.boot.loader.MainMethodRunner.run(MainMethodRunner.java:49)
	at org.springframework.boot.loader.Launcher.launch(Launcher.java:107)
	at org.springframework.boot.loader.Launcher.launch(Launcher.java:58)
	at org.springframework.boot.loader.JarLauncher.main(JarLauncher.java:88)
Caused by: java.lang.ClassNotFoundException: org.springframework.boot.autoconfigure.security.SecurityAutoConfiguration
	at java.net.URLClassLoader.findClass(Unknown Source)
	at java.lang.ClassLoader.loadClass(Unknown Source)
	at org.springframework.boot.loader.LaunchedURLClassLoader.loadClass(LaunchedURLClassLoader.java:151)
	at java.lang.ClassLoader.loadClass(Unknown Source)
	at java.lang.Class.forName0(Native Method)
	at java.lang.Class.forName(Unknown Source)
	at org.springframework.util.ClassUtils.forName(ClassUtils.java:284)
	at org.springframework.util.ClassUtils.resolveClassName(ClassUtils.java:324)
	... 33 common frames omitted
